Determining if the pthread_create exist failed with the following output:
Change Dir: /home/ubuntu/Stacks/Packages/hexapod/build/CMakeFiles/CMakeTmp

Run Build Command:"/usr/bin/make" "cmTC_17225/fast"
make[1]: Entering directory '/home/ubuntu/Stacks/Packages/hexapod/build/CMakeFiles/CMakeTmp'
/usr/bin/make -f CMakeFiles/cmTC_17225.dir/build.make CMakeFiles/cmTC_17225.dir/build
make[2]: Entering directory '/home/ubuntu/Stacks/Packages/hexapod/build/CMakeFiles/CMakeTmp'
Building C object CMakeFiles/cmTC_17225.dir/CheckSymbolExists.c.o
/usr/bin/cc     -o CMakeFiles/cmTC_17225.dir/CheckSymbolExists.c.o   -c /home/ubuntu/Stacks/Packages/hexapod/build/CMakeFiles/CMakeTmp/CheckSymbolExists.c
Linking C executable cmTC_17225
/usr/bin/cmake -E cmake_link_script CMakeFiles/cmTC_17225.dir/link.txt --verbose=1
/usr/bin/cc       CMakeFiles/cmTC_17225.dir/CheckSymbolExists.c.o  -o cmTC_17225 -rdynamic 
CMakeFiles/cmTC_17225.dir/CheckSymbolExists.c.o: In function `main':
CheckSymbolExists.c:(.text+0xe): undefined reference to `pthread_create'
CheckSymbolExists.c:(.text+0x12): undefined reference to `pthread_create'
collect2: error: ld returned 1 exit status
CMakeFiles/cmTC_17225.dir/build.make:97: recipe for target 'cmTC_17225' failed
make[2]: *** [cmTC_17225] Error 1
make[2]: Leaving directory '/home/ubuntu/Stacks/Packages/hexapod/build/CMakeFiles/CMakeTmp'
Makefile:126: recipe for target 'cmTC_17225/fast' failed
make[1]: *** [cmTC_17225/fast] Error 2
make[1]: Leaving directory '/home/ubuntu/Stacks/Packages/hexapod/build/CMakeFiles/CMakeTmp'

File /home/ubuntu/Stacks/Packages/hexapod/build/CMakeFiles/CMakeTmp/CheckSymbolExists.c:
/* */
#include <pthread.h>

int main(int argc, char** argv)
{
  (void)argv;
#ifndef pthread_create
  return ((int*)(&pthread_create))[argc];
#else
  (void)argc;
  return 0;
#endif
}

Determining if the function pthread_create exists in the pthreads failed with the following output:
Change Dir: /home/ubuntu/Stacks/Packages/hexapod/build/CMakeFiles/CMakeTmp

Run Build Command:"/usr/bin/make" "cmTC_aa779/fast"
make[1]: Entering directory '/home/ubuntu/Stacks/Packages/hexapod/build/CMakeFiles/CMakeTmp'
/usr/bin/make -f CMakeFiles/cmTC_aa779.dir/build.make CMakeFiles/cmTC_aa779.dir/build
make[2]: Entering directory '/home/ubuntu/Stacks/Packages/hexapod/build/CMakeFiles/CMakeTmp'
make[2]: Warning: File '/usr/share/cmake-3.5/Modules/CheckFunctionExists.c' has modification time 3619728 s in the future
Building C object CMakeFiles/cmTC_aa779.dir/CheckFunctionExists.c.o
/usr/bin/cc    -DCHECK_FUNCTION_EXISTS=pthread_create   -o CMakeFiles/cmTC_aa779.dir/CheckFunctionExists.c.o   -c /usr/share/cmake-3.5/Modules/CheckFunctionExists.c
Linking C executable cmTC_aa779
/usr/bin/cmake -E cmake_link_script CMakeFiles/cmTC_aa779.dir/link.txt --verbose=1
/usr/bin/cc   -DCHECK_FUNCTION_EXISTS=pthread_create    CMakeFiles/cmTC_aa779.dir/CheckFunctionExists.c.o  -o cmTC_aa779 -rdynamic -lpthreads 
/usr/bin/ld: cannot find -lpthreads
collect2: error: ld returned 1 exit status
CMakeFiles/cmTC_aa779.dir/build.make:97: recipe for target 'cmTC_aa779' failed
make[2]: *** [cmTC_aa779] Error 1
make[2]: Leaving directory '/home/ubuntu/Stacks/Packages/hexapod/build/CMakeFiles/CMakeTmp'
Makefile:126: recipe for target 'cmTC_aa779/fast' failed
make[1]: *** [cmTC_aa779/fast] Error 2
make[1]: Leaving directory '/home/ubuntu/Stacks/Packages/hexapod/build/CMakeFiles/CMakeTmp'


