Determining if the pthread_create exist failed with the following output:
Change Dir: /home/antoine/Stacks/Packages/Hexapod_Bringup/build/CMakeFiles/CMakeTmp

Run Build Command:"/usr/bin/make" "cmTC_ad08a/fast"
make[1] : on entre dans le répertoire « /home/antoine/Stacks/Packages/Hexapod_Bringup/build/CMakeFiles/CMakeTmp »
/usr/bin/make -f CMakeFiles/cmTC_ad08a.dir/build.make CMakeFiles/cmTC_ad08a.dir/build
make[2] : on entre dans le répertoire « /home/antoine/Stacks/Packages/Hexapod_Bringup/build/CMakeFiles/CMakeTmp »
Building C object CMakeFiles/cmTC_ad08a.dir/CheckSymbolExists.c.o
/usr/bin/cc    -o CMakeFiles/cmTC_ad08a.dir/CheckSymbolExists.c.o   -c /home/antoine/Stacks/Packages/Hexapod_Bringup/build/CMakeFiles/CMakeTmp/CheckSymbolExists.c
Linking C executable cmTC_ad08a
/usr/bin/cmake -E cmake_link_script CMakeFiles/cmTC_ad08a.dir/link.txt --verbose=1
/usr/bin/cc      -rdynamic CMakeFiles/cmTC_ad08a.dir/CheckSymbolExists.c.o  -o cmTC_ad08a 
CMakeFiles/cmTC_ad08a.dir/CheckSymbolExists.c.o : Dans la fonction « main » :
CheckSymbolExists.c:(.text+0x1b) : référence indéfinie vers « pthread_create »
collect2: error: ld returned 1 exit status
CMakeFiles/cmTC_ad08a.dir/build.make:97: recipe for target 'cmTC_ad08a' failed
make[2]: *** [cmTC_ad08a] Error 1
make[2] : on quitte le répertoire « /home/antoine/Stacks/Packages/Hexapod_Bringup/build/CMakeFiles/CMakeTmp »
Makefile:126: recipe for target 'cmTC_ad08a/fast' failed
make[1]: *** [cmTC_ad08a/fast] Error 2
make[1] : on quitte le répertoire « /home/antoine/Stacks/Packages/Hexapod_Bringup/build/CMakeFiles/CMakeTmp »

File /home/antoine/Stacks/Packages/Hexapod_Bringup/build/CMakeFiles/CMakeTmp/CheckSymbolExists.c:
/* */
#include <pthread.h>

int main(int argc, char** argv)
{
  (void)argv;
#ifndef pthread_create
  return ((int*)(&pthread_create))[argc];
#else
  (void)argc;
  return 0;
#endif
}

Determining if the function pthread_create exists in the pthreads failed with the following output:
Change Dir: /home/antoine/Stacks/Packages/Hexapod_Bringup/build/CMakeFiles/CMakeTmp

Run Build Command:"/usr/bin/make" "cmTC_a6528/fast"
make[1] : on entre dans le répertoire « /home/antoine/Stacks/Packages/Hexapod_Bringup/build/CMakeFiles/CMakeTmp »
/usr/bin/make -f CMakeFiles/cmTC_a6528.dir/build.make CMakeFiles/cmTC_a6528.dir/build
make[2] : on entre dans le répertoire « /home/antoine/Stacks/Packages/Hexapod_Bringup/build/CMakeFiles/CMakeTmp »
Building C object CMakeFiles/cmTC_a6528.dir/CheckFunctionExists.c.o
/usr/bin/cc   -DCHECK_FUNCTION_EXISTS=pthread_create   -o CMakeFiles/cmTC_a6528.dir/CheckFunctionExists.c.o   -c /usr/share/cmake-3.10/Modules/CheckFunctionExists.c
Linking C executable cmTC_a6528
/usr/bin/cmake -E cmake_link_script CMakeFiles/cmTC_a6528.dir/link.txt --verbose=1
/usr/bin/cc  -DCHECK_FUNCTION_EXISTS=pthread_create    -rdynamic CMakeFiles/cmTC_a6528.dir/CheckFunctionExists.c.o  -o cmTC_a6528 -lpthreads 
/usr/bin/ld : ne peut trouver -lpthreads
collect2: error: ld returned 1 exit status
CMakeFiles/cmTC_a6528.dir/build.make:97: recipe for target 'cmTC_a6528' failed
make[2]: *** [cmTC_a6528] Error 1
make[2] : on quitte le répertoire « /home/antoine/Stacks/Packages/Hexapod_Bringup/build/CMakeFiles/CMakeTmp »
Makefile:126: recipe for target 'cmTC_a6528/fast' failed
make[1]: *** [cmTC_a6528/fast] Error 2
make[1] : on quitte le répertoire « /home/antoine/Stacks/Packages/Hexapod_Bringup/build/CMakeFiles/CMakeTmp »


